[04Jul2024 10:59:46.196] [main/INFO] [cpw.mods.modlauncher.Launcher/MODLAUNCHER]: ModLauncher running: args [--launchTarget, forgeclientuserdev, --version, 21.0.0-beta, --assetIndex, asset-index, --assetsDir, /home/killar/.gradle/caches/minecraft/assets/1.21, --gameDir, ., --fml.neoForgeVersion, 21.0.0-beta, --fml.fmlVersion, 4.0.1, --fml.mcVersion, 1.21, --fml.neoFormVersion, 20240613.152323]
[04Jul2024 10:59:46.199] [main/INFO] [cpw.mods.modlauncher.Launcher/MODLAUNCHER]: JVM identified as Oracle Corporation OpenJDK 64-Bit Server VM 21.0.3+9
[04Jul2024 10:59:46.201] [main/INFO] [cpw.mods.modlauncher.Launcher/MODLAUNCHER]: ModLauncher 11.0.2+main.4612c65f starting: java version 21.0.3 by N/A; OS Linux arch amd64 version 6.9.7-arch1-1
[04Jul2024 10:59:46.460] [main/INFO] [net.neoforged.fml.loading.ImmediateWindowHandler/]: Loading ImmediateWindowProvider fmlearlywindow
[04Jul2024 10:59:46.744] [main/INFO] [EARLYDISPLAY/]: Trying GL version 4.6
[04Jul2024 10:59:46.961] [main/INFO] [EARLYDISPLAY/]: Requested GL version 4.6 got version 4.6
[04Jul2024 10:59:47.303] [main/INFO] [mixin/]: SpongePowered MIXIN Subsystem Version=0.8.5 Source=union:/home/killar/.gradle/caches/modules-2/files-2.1/net.fabricmc/sponge-mixin/0.13.4+mixin.0.8.5/8adf0cff1795a169141b9e16ad7b9f6e2527a990/sponge-mixin-0.13.4+mixin.0.8.5.jar%23124!/ Service=ModLauncher Env=CLIENT
[04Jul2024 10:59:47.514] [pool-2-thread-1/INFO] [EARLYDISPLAY/]: GL info: Quadro M2000/PCIe/SSE2 GL version 4.6.0 NVIDIA 555.58, NVIDIA Corporation
[04Jul2024 10:59:47.937] [main/INFO] [net.neoforged.fml.loading.moddiscovery.ModDiscoverer/SCAN]: Found mod file "neoforge-21.0.0-beta.jar" [locator: neoforge devenv provider ([/home/killar/projects/java/Dimensional-Expansion/.gradle/repositories/ng_dummy_ng/net/neoforged/neoforge/21.0.0-beta/neoforge-21.0.0-beta.jar])]
[04Jul2024 10:59:47.975] [main/INFO] [net.neoforged.fml.loading.moddiscovery.ModDiscoverer/SCAN]: Found mod file "neoforge-21.0.0-beta.jar" [locator: neoforge devenv provider ([/home/killar/projects/java/Dimensional-Expansion/.gradle/repositories/ng_dummy_ng/net/neoforged/neoforge/21.0.0-beta/neoforge-21.0.0-beta.jar])]
[04Jul2024 10:59:48.012] [main/INFO] [net.neoforged.fml.loading.moddiscovery.ModDiscoverer/SCAN]: Found mod file "main" [locator: userdev mods and services, reader: mod manifest]
[04Jul2024 10:59:48.031] [main/INFO] [net.neoforged.fml.loading.moddiscovery.ModDiscoverer/SCAN]: Found mod file "neoforge-21.0.0-beta.jar" [locator: userdev mods and services, reader: mod manifest]
[04Jul2024 10:59:48.046] [main/INFO] [net.neoforged.fml.loading.moddiscovery.ModDiscoverer/SCAN]: Found gamelibrary file "mixinextras-neoforge-0.3.5.jar" [locator: userdev mods and services, reader: mod manifest]
[04Jul2024 10:59:48.342] [main/WARN] [net.neoforged.jarjar.selection.JarSelector/]: Attempted to select a dependency jar for JarJar which was passed in as source: mixinextras-neoforge-0.3.5.jar. Using Mod File: /home/killar/.gradle/caches/modules-2/files-2.1/io.github.llamalad7/mixinextras-neoforge/0.3.5/ef3ffcf309dae656517b2f120189b1c9b21737dd/mixinextras-neoforge-0.3.5.jar
[04Jul2024 10:59:48.342] [main/INFO] [net.neoforged.fml.loading.moddiscovery.locators.JarInJarDependencyLocator/]: No dependencies to load found. Skipping!
[04Jul2024 10:59:49.259] [main/INFO] [net.neoforged.fml.loading.FMLServiceProvider/CORE]: Loading coremod script-engine for [neoforge]
[04Jul2024 10:59:52.202] [main/INFO] [mixin/]: Compatibility level set to JAVA_21
[04Jul2024 10:59:52.222] [main/INFO] [cpw.mods.modlauncher.LaunchServiceHandler/MODLAUNCHER]: Launching target 'forgeclientuserdev' with arguments [--version, 21.0.0-beta, --gameDir, ., --assetsDir, /home/killar/.gradle/caches/minecraft/assets/1.21, --assetIndex, asset-index]
[04Jul2024 10:59:56.381] [Datafixer Bootstrap/INFO] [com.mojang.datafixers.DataFixerBuilder/]: 229 Datafixer optimizations took 859 milliseconds
[04Jul2024 11:00:01.045] [pool-7-thread-1/INFO] [MixinExtras|Service/]: Initializing MixinExtras via com.llamalad7.mixinextras.service.MixinExtrasServiceImpl(version=0.3.5).
[04Jul2024 11:00:07.575] [main/WARN] [net.minecraft.commands.Commands/]: Ambiguity between arguments [teleport, location] and [teleport, destination] with inputs: [0.1 -0.5 .9, 0 0 0]
[04Jul2024 11:00:07.577] [main/WARN] [net.minecraft.commands.Commands/]: Ambiguity between arguments [teleport, location] and [teleport, targets] with inputs: [0.1 -0.5 .9, 0 0 0]
[04Jul2024 11:00:07.581] [main/WARN] [net.minecraft.commands.Commands/]: Ambiguity between arguments [teleport, destination] and [teleport, targets] with inputs: [Player, 0123, @e, dd12be42-52a9-4a91-a8a1-11c01849e498]
[04Jul2024 11:00:07.583] [main/WARN] [net.minecraft.commands.Commands/]: Ambiguity between arguments [teleport, targets] and [teleport, destination] with inputs: [Player, 0123, dd12be42-52a9-4a91-a8a1-11c01849e498]
[04Jul2024 11:00:07.586] [main/WARN] [net.minecraft.commands.Commands/]: Ambiguity between arguments [teleport, targets, location] and [teleport, targets, destination] with inputs: [0.1 -0.5 .9, 0 0 0]
[04Jul2024 11:00:07.791] [Render thread/WARN] [net.minecraft.server.packs.VanillaPackResourcesBuilder/]: Assets URL 'union:/home/killar/projects/java/Dimensional-Expansion/.gradle/repositories/ng_dummy_ng/net/neoforged/neoforge/21.0.0-beta/neoforge-21.0.0-beta.jar%23180!/assets/.mcassetsroot' uses unexpected schema
[04Jul2024 11:00:07.792] [Render thread/WARN] [net.minecraft.server.packs.VanillaPackResourcesBuilder/]: Assets URL 'union:/home/killar/projects/java/Dimensional-Expansion/.gradle/repositories/ng_dummy_ng/net/neoforged/neoforge/21.0.0-beta/neoforge-21.0.0-beta.jar%23180!/data/.mcassetsroot' uses unexpected schema
[04Jul2024 11:00:07.842] [Render thread/INFO] [com.mojang.authlib.yggdrasil.YggdrasilAuthenticationService/]: Environment: Environment[sessionHost=https://sessionserver.mojang.com, servicesHost=https://api.minecraftservices.com, name=PROD]
[04Jul2024 11:00:07.858] [Render thread/INFO] [net.minecraft.client.Minecraft/]: Setting user: Dev
[04Jul2024 11:00:08.085] [Render thread/INFO] [net.minecraft.client.Minecraft/]: Backend library: LWJGL version 3.3.3+5
[04Jul2024 11:00:08.425] [modloading-worker-0/INFO] [net.killarexe.dimensional_expansion.DEMod/]: Starting Init Dimensional Expansion
[04Jul2024 11:00:08.447] [modloading-worker-0/INFO] [net.neoforged.neoforge.common.NeoForgeMod/NEOFORGE-MOD]: NeoForge mod loading, version 21.0.0-beta, for MC 1.21
[04Jul2024 11:00:08.554] [modloading-worker-0/INFO] [net.killarexe.dimensional_expansion.init.DERegistries/]: Init Dimensional Expansion Items
[04Jul2024 11:00:08.701] [modloading-worker-0/ERROR] [net.killarexe.dimensional_expansion.DEMod/]: Failed to register villager type "blue_sand_desert" for biome: "ResourceKey[minecraft:worldgen/biome / dimensional_expansion:blue_sand_desert]":
	Trying to access unbound value: ResourceKey[minecraft:item / dimensional_expansion:purpleheart_boat]
[04Jul2024 11:00:08.702] [modloading-worker-0/ERROR] [net.killarexe.dimensional_expansion.DEMod/]: Failed to register villager type "origin_plains" for biome: "ResourceKey[minecraft:worldgen/biome / dimensional_expansion:origin_plains]":
	Trying to access unbound value: ResourceKey[minecraft:item / dimensional_expansion:purpleheart_boat]
[04Jul2024 11:00:08.702] [modloading-worker-0/ERROR] [net.killarexe.dimensional_expansion.DEMod/]: Failed to register villager type "origin_plains" for biome: "ResourceKey[minecraft:worldgen/biome / dimensional_expansion:purpleheart_forest]":
	Trying to access unbound value: ResourceKey[minecraft:item / dimensional_expansion:purpleheart_boat]
[04Jul2024 11:00:08.702] [modloading-worker-0/INFO] [net.killarexe.dimensional_expansion.init.DERegistries/]: Init Dimensional Expansion Creative Tabs
[04Jul2024 11:00:08.708] [modloading-worker-0/INFO] [net.killarexe.dimensional_expansion.DEMod/]: Init Dimensional Expansion Dimensions
[04Jul2024 11:00:08.709] [modloading-worker-0/INFO] [net.killarexe.dimensional_expansion.DEMod/]: Init Dimensional Expansion Structures
[04Jul2024 11:00:08.709] [modloading-worker-0/INFO] [net.killarexe.dimensional_expansion.DEMod/]: Set Dimensional Expansion Event Listeners
[04Jul2024 11:00:08.710] [modloading-worker-0/INFO] [net.killarexe.dimensional_expansion.DEMod/]: Dimensional Expansion Init Complete!
[04Jul2024 11:00:10.491] [Render thread/INFO] [net.neoforged.neoforge.gametest.GameTestHooks/]: Enabled Gametest Namespaces: []
[04Jul2024 11:00:10.756] [Render thread/INFO] [net.minecraft.server.packs.resources.ReloadableResourceManager/]: Reloading ResourceManager: vanilla, mod_resources, mod/dimensional_expansion, mod/neoforge
[04Jul2024 11:00:11.192] [Worker-Main-1/INFO] [net.minecraft.client.gui.font.providers.UnihexProvider/]: Found unifont_all_no_pua-15.1.05.hex, loading
[04Jul2024 11:00:12.203] [Worker-Main-1/INFO] [net.minecraft.client.gui.font.providers.UnihexProvider/]: Found unifont_jp_patch-15.1.05.hex, loading
[04Jul2024 11:00:13.608] [Render thread/INFO] [net.killarexe.dimensional_expansion.DEMod/]: Dimensional Expansion Common Setup
[04Jul2024 11:00:13.608] [Render thread/INFO] [net.killarexe.dimensional_expansion.DEMod/]: Register Dimensional Expansion WoodTypes
[04Jul2024 11:00:13.608] [Render thread/INFO] [net.killarexe.dimensional_expansion.DEMod/]: Put Dimensional Expansion Strippables
[04Jul2024 11:00:13.613] [Render thread/ERROR] [net.killarexe.dimensional_expansion.DEMod/]: Failed to put Strippables: null (Don't worry if you see this message i don't know why it do this error but it's there wait for the MinecraftForge Team to fix it - Killar.exe)
[04Jul2024 11:00:13.614] [Render thread/INFO] [net.killarexe.dimensional_expansion.DEMod/]: Put Dimensional Expansion Compostables
[04Jul2024 11:00:13.614] [Render thread/INFO] [net.killarexe.dimensional_expansion.DEMod/]: Put Dimensional Expansion Flower Pots
[04Jul2024 11:00:13.615] [Render thread/INFO] [net.killarexe.dimensional_expansion.DEMod/]: Dimensional Expansion Common Setup Complete
[04Jul2024 11:00:13.746] [Forge Version Check/INFO] [net.neoforged.fml.VersionChecker/]: [dimensional_expansion] Starting version check at https://raw.githubusercontent.com/Killarexe/Dimensional-Expansion/main/update.json
[04Jul2024 11:00:14.153] [Forge Version Check/INFO] [net.neoforged.fml.VersionChecker/]: [dimensional_expansion] Found status: BETA Current: 0.9.4a Target: null
[04Jul2024 11:00:15.464] [Render thread/WARN] [net.minecraft.client.sounds.SoundEngine/]: Missing sound for event: minecraft:item.goat_horn.play
[04Jul2024 11:00:15.464] [Render thread/WARN] [net.minecraft.client.sounds.SoundEngine/]: Missing sound for event: minecraft:entity.goat.screaming.horn_break
[04Jul2024 11:00:15.598] [Render thread/INFO] [com.mojang.blaze3d.audio.Library/]: OpenAL initialized on device Built-in Audio Analog Stereo
[04Jul2024 11:00:15.599] [Render thread/INFO] [net.minecraft.client.sounds.SoundEngine/SOUNDS]: Sound engine started
[04Jul2024 11:00:15.813] [Render thread/INFO] [net.minecraft.client.renderer.texture.TextureAtlas/]: Created: 1024x512x4 minecraft:textures/atlas/blocks.png-atlas
[04Jul2024 11:00:15.840] [Render thread/INFO] [net.minecraft.client.renderer.texture.TextureAtlas/]: Created: 256x256x4 minecraft:textures/atlas/signs.png-atlas
[04Jul2024 11:00:15.842] [Render thread/INFO] [net.minecraft.client.renderer.texture.TextureAtlas/]: Created: 512x512x4 minecraft:textures/atlas/banner_patterns.png-atlas
[04Jul2024 11:00:15.845] [Render thread/INFO] [net.minecraft.client.renderer.texture.TextureAtlas/]: Created: 512x512x4 minecraft:textures/atlas/shield_patterns.png-atlas
[04Jul2024 11:00:15.846] [Render thread/INFO] [net.minecraft.client.renderer.texture.TextureAtlas/]: Created: 1024x1024x4 minecraft:textures/atlas/armor_trims.png-atlas
[04Jul2024 11:00:15.851] [Render thread/INFO] [net.minecraft.client.renderer.texture.TextureAtlas/]: Created: 256x256x4 minecraft:textures/atlas/chest.png-atlas
[04Jul2024 11:00:15.855] [Render thread/INFO] [net.minecraft.client.renderer.texture.TextureAtlas/]: Created: 128x64x4 minecraft:textures/atlas/decorated_pot.png-atlas
[04Jul2024 11:00:15.856] [Render thread/INFO] [net.minecraft.client.renderer.texture.TextureAtlas/]: Created: 512x256x4 minecraft:textures/atlas/shulker_boxes.png-atlas
[04Jul2024 11:00:15.857] [Render thread/INFO] [net.minecraft.client.renderer.texture.TextureAtlas/]: Created: 512x256x4 minecraft:textures/atlas/beds.png-atlas
[04Jul2024 11:00:15.995] [Render thread/INFO] [net.minecraft.client.renderer.texture.TextureAtlas/]: Created: 512x256x0 minecraft:textures/atlas/particles.png-atlas
[04Jul2024 11:00:15.996] [Render thread/INFO] [net.minecraft.client.renderer.texture.TextureAtlas/]: Created: 512x256x0 minecraft:textures/atlas/paintings.png-atlas
[04Jul2024 11:00:15.997] [Render thread/INFO] [net.minecraft.client.renderer.texture.TextureAtlas/]: Created: 256x128x0 minecraft:textures/atlas/mob_effects.png-atlas
[04Jul2024 11:00:15.998] [Render thread/INFO] [net.minecraft.client.renderer.texture.TextureAtlas/]: Created: 64x64x0 minecraft:textures/atlas/map_decorations.png-atlas
[04Jul2024 11:00:15.998] [Render thread/INFO] [net.minecraft.client.renderer.texture.TextureAtlas/]: Created: 1024x512x0 minecraft:textures/atlas/gui.png-atlas
[04Jul2024 11:00:16.071] [Render thread/WARN] [net.minecraft.client.renderer.ShaderInstance/]: Shader rendertype_entity_translucent_emissive could not find sampler named Sampler2 in the specified shader program.
[04Jul2024 11:00:24.854] [Render thread/ERROR] [net.minecraft.resources.RegistryDataLoader/]: Registry loading errors:
> Errors in registry minecraft:dimension_type:
>> Errors in element dimensional_expansion:origin:
java.lang.IllegalStateException: Failed to parse dimensional_expansion:dimension_type/origin.json from pack mod/dimensional_expansion
	at TRANSFORMER/minecraft@1.21/net.minecraft.resources.RegistryDataLoader.loadContentsFromManager(RegistryDataLoader.java:243)
	at TRANSFORMER/minecraft@1.21/net.minecraft.resources.RegistryDataLoader$Loader.loadFromResources(RegistryDataLoader.java:295)
	at TRANSFORMER/minecraft@1.21/net.minecraft.resources.RegistryDataLoader.lambda$load$2(RegistryDataLoader.java:118)
	at TRANSFORMER/minecraft@1.21/net.minecraft.resources.RegistryDataLoader.lambda$load$5(RegistryDataLoader.java:138)
	at java.base/java.lang.Iterable.forEach(Iterable.java:75)
	at TRANSFORMER/minecraft@1.21/net.minecraft.resources.RegistryDataLoader.load(RegistryDataLoader.java:138)
	at TRANSFORMER/minecraft@1.21/net.minecraft.resources.RegistryDataLoader.load(RegistryDataLoader.java:118)
	at TRANSFORMER/minecraft@1.21/net.minecraft.server.WorldLoader.loadLayer(WorldLoader.java:76)
	at TRANSFORMER/minecraft@1.21/net.minecraft.server.WorldLoader.loadAndReplaceLayer(WorldLoader.java:82)
	at TRANSFORMER/minecraft@1.21/net.minecraft.server.WorldLoader.load(WorldLoader.java:35)
	at TRANSFORMER/minecraft@1.21/net.minecraft.client.gui.screens.worldselection.CreateWorldScreen.openFresh(CreateWorldScreen.java:123)
	at TRANSFORMER/minecraft@1.21/net.minecraft.client.gui.screens.worldselection.WorldSelectionList.loadLevels(WorldSelectionList.java:201)
	at TRANSFORMER/minecraft@1.21/net.minecraft.client.gui.screens.worldselection.WorldSelectionList.<init>(WorldSelectionList.java:111)
	at TRANSFORMER/minecraft@1.21/net.minecraft.client.gui.screens.worldselection.SelectWorldScreen.init(SelectWorldScreen.java:40)
	at TRANSFORMER/minecraft@1.21/net.minecraft.client.gui.screens.Screen.init(Screen.java:337)
	at TRANSFORMER/minecraft@1.21/net.minecraft.client.Minecraft.setScreen(Minecraft.java:1066)
	at TRANSFORMER/minecraft@1.21/net.minecraft.client.gui.screens.TitleScreen.lambda$createNormalMenuOptions$7(TitleScreen.java:167)
	at TRANSFORMER/minecraft@1.21/net.minecraft.client.gui.components.Button.onPress(Button.java:41)
	at TRANSFORMER/minecraft@1.21/net.minecraft.client.gui.components.AbstractButton.onClick(AbstractButton.java:47)
	at TRANSFORMER/neoforge@21.0.0-beta/net.neoforged.neoforge.client.extensions.IAbstractWidgetExtension.onClick(IAbstractWidgetExtension.java:36)
	at TRANSFORMER/minecraft@1.21/net.minecraft.client.gui.components.AbstractWidget.mouseClicked(AbstractWidget.java:163)
	at TRANSFORMER/minecraft@1.21/net.minecraft.client.gui.components.events.ContainerEventHandler.mouseClicked(ContainerEventHandler.java:52)
	at TRANSFORMER/minecraft@1.21/net.minecraft.client.gui.screens.TitleScreen.mouseClicked(TitleScreen.java:366)
	at TRANSFORMER/minecraft@1.21/net.minecraft.client.MouseHandler.lambda$onPress$0(MouseHandler.java:103)
	at TRANSFORMER/minecraft@1.21/net.minecraft.client.gui.screens.Screen.wrapScreenError(Screen.java:469)
	at TRANSFORMER/minecraft@1.21/net.minecraft.client.MouseHandler.onPress(MouseHandler.java:100)
	at TRANSFORMER/minecraft@1.21/net.minecraft.client.MouseHandler.lambda$setup$4(MouseHandler.java:212)
	at TRANSFORMER/minecraft@1.21/net.minecraft.util.thread.BlockableEventLoop.execute(BlockableEventLoop.java:98)
	at TRANSFORMER/minecraft@1.21/net.minecraft.client.MouseHandler.lambda$setup$5(MouseHandler.java:212)
	at MC-BOOTSTRAP/org.lwjgl.glfw@3.3.3+5/org.lwjgl.glfw.GLFWMouseButtonCallbackI.callback(GLFWMouseButtonCallbackI.java:43)
	at MC-BOOTSTRAP/org.lwjgl@3.3.3+5/org.lwjgl.system.JNI.invokeV(Native Method)
	at MC-BOOTSTRAP/org.lwjgl.glfw@3.3.3+5/org.lwjgl.glfw.GLFW.glfwWaitEventsTimeout(GLFW.java:3509)
	at TRANSFORMER/minecraft@1.21/com.mojang.blaze3d.systems.RenderSystem.limitDisplayFPS(RenderSystem.java:162)
	at TRANSFORMER/minecraft@1.21/net.minecraft.client.Minecraft.runTick(Minecraft.java:1229)
	at TRANSFORMER/minecraft@1.21/net.minecraft.client.Minecraft.run(Minecraft.java:816)
	at TRANSFORMER/minecraft@1.21/net.minecraft.client.main.Main.main(Main.java:230)
	at java.base/jdk.internal.reflect.DirectMethodHandleAccessor.invoke(DirectMethodHandleAccessor.java:103)
	at java.base/java.lang.reflect.Method.invoke(Method.java:580)
	at MC-BOOTSTRAP/fml_loader@4.0.1/net.neoforged.fml.loading.targets.CommonLaunchHandler.runTarget(CommonLaunchHandler.java:136)
	at MC-BOOTSTRAP/fml_loader@4.0.1/net.neoforged.fml.loading.targets.CommonLaunchHandler.clientService(CommonLaunchHandler.java:124)
	at MC-BOOTSTRAP/fml_loader@4.0.1/net.neoforged.fml.loading.targets.NeoForgeClientUserdevLaunchHandler.runService(NeoForgeClientUserdevLaunchHandler.java:23)
	at MC-BOOTSTRAP/fml_loader@4.0.1/net.neoforged.fml.loading.targets.CommonLaunchHandler.lambda$launchService$4(CommonLaunchHandler.java:118)
	at MC-BOOTSTRAP/cpw.mods.modlauncher@11.0.2/cpw.mods.modlauncher.LaunchServiceHandlerDecorator.launch(LaunchServiceHandlerDecorator.java:30)
	at MC-BOOTSTRAP/cpw.mods.modlauncher@11.0.2/cpw.mods.modlauncher.LaunchServiceHandler.launch(LaunchServiceHandler.java:53)
	at MC-BOOTSTRAP/cpw.mods.modlauncher@11.0.2/cpw.mods.modlauncher.LaunchServiceHandler.launch(LaunchServiceHandler.java:71)
	at MC-BOOTSTRAP/cpw.mods.modlauncher@11.0.2/cpw.mods.modlauncher.Launcher.run(Launcher.java:103)
	at MC-BOOTSTRAP/cpw.mods.modlauncher@11.0.2/cpw.mods.modlauncher.Launcher.main(Launcher.java:74)
	at MC-BOOTSTRAP/cpw.mods.modlauncher@11.0.2/cpw.mods.modlauncher.BootstrapLaunchConsumer.accept(BootstrapLaunchConsumer.java:26)
	at MC-BOOTSTRAP/cpw.mods.modlauncher@11.0.2/cpw.mods.modlauncher.BootstrapLaunchConsumer.accept(BootstrapLaunchConsumer.java:23)
	at cpw.mods.bootstraplauncher@2.0.2/cpw.mods.bootstraplauncher.BootstrapLauncher.run(BootstrapLauncher.java:210)
	at cpw.mods.bootstraplauncher@2.0.2/cpw.mods.bootstraplauncher.BootstrapLauncher.main(BootstrapLauncher.java:69)
Caused by: java.lang.IllegalStateException: Failed to parse either. First: Not a number: {"type":"minecraft:uniform","value":{"min_inclusive":0,"max_inclusive":7}}; Second: No key max_inclusive in MapLike[{"type":"minecraft:uniform","value":{"min_inclusive":0,"max_inclusive":7}}]; No key min_inclusive in MapLike[{"type":"minecraft:uniform","value":{"min_inclusive":0,"max_inclusive":7}}]
	at MC-BOOTSTRAP/datafixerupper@8.0.16/com.mojang.serialization.DataResult$Error.getOrThrow(DataResult.java:287)
	at MC-BOOTSTRAP/datafixerupper@8.0.16/com.mojang.serialization.DataResult.getOrThrow(DataResult.java:81)
	at TRANSFORMER/minecraft@1.21/net.minecraft.resources.RegistryDataLoader.loadElementFromResource(RegistryDataLoader.java:211)
	at TRANSFORMER/minecraft@1.21/net.minecraft.resources.RegistryDataLoader.loadContentsFromManager(RegistryDataLoader.java:238)
	... 50 more
> Errors in registry minecraft:root:
>> Errors in element minecraft:worldgen/configured_feature:
java.lang.IllegalStateException: Unbound values in registry ResourceKey[minecraft:root / minecraft:worldgen/configured_feature]: [dimensional_expansion:purpleish_cactus_configured]
	at TRANSFORMER/minecraft@1.21/net.minecraft.core.MappedRegistry.freeze(MappedRegistry.java:366)
	at TRANSFORMER/minecraft@1.21/net.minecraft.resources.RegistryDataLoader.lambda$load$6(RegistryDataLoader.java:143)
	at java.base/java.lang.Iterable.forEach(Iterable.java:75)
	at TRANSFORMER/minecraft@1.21/net.minecraft.resources.RegistryDataLoader.load(RegistryDataLoader.java:139)
	at TRANSFORMER/minecraft@1.21/net.minecraft.resources.RegistryDataLoader.load(RegistryDataLoader.java:118)
	at TRANSFORMER/minecraft@1.21/net.minecraft.server.WorldLoader.loadLayer(WorldLoader.java:76)
	at TRANSFORMER/minecraft@1.21/net.minecraft.server.WorldLoader.loadAndReplaceLayer(WorldLoader.java:82)
	at TRANSFORMER/minecraft@1.21/net.minecraft.server.WorldLoader.load(WorldLoader.java:35)
	at TRANSFORMER/minecraft@1.21/net.minecraft.client.gui.screens.worldselection.CreateWorldScreen.openFresh(CreateWorldScreen.java:123)
	at TRANSFORMER/minecraft@1.21/net.minecraft.client.gui.screens.worldselection.WorldSelectionList.loadLevels(WorldSelectionList.java:201)
	at TRANSFORMER/minecraft@1.21/net.minecraft.client.gui.screens.worldselection.WorldSelectionList.<init>(WorldSelectionList.java:111)
	at TRANSFORMER/minecraft@1.21/net.minecraft.client.gui.screens.worldselection.SelectWorldScreen.init(SelectWorldScreen.java:40)
	at TRANSFORMER/minecraft@1.21/net.minecraft.client.gui.screens.Screen.init(Screen.java:337)
	at TRANSFORMER/minecraft@1.21/net.minecraft.client.Minecraft.setScreen(Minecraft.java:1066)
	at TRANSFORMER/minecraft@1.21/net.minecraft.client.gui.screens.TitleScreen.lambda$createNormalMenuOptions$7(TitleScreen.java:167)
	at TRANSFORMER/minecraft@1.21/net.minecraft.client.gui.components.Button.onPress(Button.java:41)
	at TRANSFORMER/minecraft@1.21/net.minecraft.client.gui.components.AbstractButton.onClick(AbstractButton.java:47)
	at TRANSFORMER/neoforge@21.0.0-beta/net.neoforged.neoforge.client.extensions.IAbstractWidgetExtension.onClick(IAbstractWidgetExtension.java:36)
	at TRANSFORMER/minecraft@1.21/net.minecraft.client.gui.components.AbstractWidget.mouseClicked(AbstractWidget.java:163)
	at TRANSFORMER/minecraft@1.21/net.minecraft.client.gui.components.events.ContainerEventHandler.mouseClicked(ContainerEventHandler.java:52)
	at TRANSFORMER/minecraft@1.21/net.minecraft.client.gui.screens.TitleScreen.mouseClicked(TitleScreen.java:366)
	at TRANSFORMER/minecraft@1.21/net.minecraft.client.MouseHandler.lambda$onPress$0(MouseHandler.java:103)
	at TRANSFORMER/minecraft@1.21/net.minecraft.client.gui.screens.Screen.wrapScreenError(Screen.java:469)
	at TRANSFORMER/minecraft@1.21/net.minecraft.client.MouseHandler.onPress(MouseHandler.java:100)
	at TRANSFORMER/minecraft@1.21/net.minecraft.client.MouseHandler.lambda$setup$4(MouseHandler.java:212)
	at TRANSFORMER/minecraft@1.21/net.minecraft.util.thread.BlockableEventLoop.execute(BlockableEventLoop.java:98)
	at TRANSFORMER/minecraft@1.21/net.minecraft.client.MouseHandler.lambda$setup$5(MouseHandler.java:212)
	at MC-BOOTSTRAP/org.lwjgl.glfw@3.3.3+5/org.lwjgl.glfw.GLFWMouseButtonCallbackI.callback(GLFWMouseButtonCallbackI.java:43)
	at MC-BOOTSTRAP/org.lwjgl@3.3.3+5/org.lwjgl.system.JNI.invokeV(Native Method)
	at MC-BOOTSTRAP/org.lwjgl.glfw@3.3.3+5/org.lwjgl.glfw.GLFW.glfwWaitEventsTimeout(GLFW.java:3509)
	at TRANSFORMER/minecraft@1.21/com.mojang.blaze3d.systems.RenderSystem.limitDisplayFPS(RenderSystem.java:162)
	at TRANSFORMER/minecraft@1.21/net.minecraft.client.Minecraft.runTick(Minecraft.java:1229)
	at TRANSFORMER/minecraft@1.21/net.minecraft.client.Minecraft.run(Minecraft.java:816)
	at TRANSFORMER/minecraft@1.21/net.minecraft.client.main.Main.main(Main.java:230)
	at java.base/jdk.internal.reflect.DirectMethodHandleAccessor.invoke(DirectMethodHandleAccessor.java:103)
	at java.base/java.lang.reflect.Method.invoke(Method.java:580)
	at MC-BOOTSTRAP/fml_loader@4.0.1/net.neoforged.fml.loading.targets.CommonLaunchHandler.runTarget(CommonLaunchHandler.java:136)
	at MC-BOOTSTRAP/fml_loader@4.0.1/net.neoforged.fml.loading.targets.CommonLaunchHandler.clientService(CommonLaunchHandler.java:124)
	at MC-BOOTSTRAP/fml_loader@4.0.1/net.neoforged.fml.loading.targets.NeoForgeClientUserdevLaunchHandler.runService(NeoForgeClientUserdevLaunchHandler.java:23)
	at MC-BOOTSTRAP/fml_loader@4.0.1/net.neoforged.fml.loading.targets.CommonLaunchHandler.lambda$launchService$4(CommonLaunchHandler.java:118)
	at MC-BOOTSTRAP/cpw.mods.modlauncher@11.0.2/cpw.mods.modlauncher.LaunchServiceHandlerDecorator.launch(LaunchServiceHandlerDecorator.java:30)
	at MC-BOOTSTRAP/cpw.mods.modlauncher@11.0.2/cpw.mods.modlauncher.LaunchServiceHandler.launch(LaunchServiceHandler.java:53)
	at MC-BOOTSTRAP/cpw.mods.modlauncher@11.0.2/cpw.mods.modlauncher.LaunchServiceHandler.launch(LaunchServiceHandler.java:71)
	at MC-BOOTSTRAP/cpw.mods.modlauncher@11.0.2/cpw.mods.modlauncher.Launcher.run(Launcher.java:103)
	at MC-BOOTSTRAP/cpw.mods.modlauncher@11.0.2/cpw.mods.modlauncher.Launcher.main(Launcher.java:74)
	at MC-BOOTSTRAP/cpw.mods.modlauncher@11.0.2/cpw.mods.modlauncher.BootstrapLaunchConsumer.accept(BootstrapLaunchConsumer.java:26)
	at MC-BOOTSTRAP/cpw.mods.modlauncher@11.0.2/cpw.mods.modlauncher.BootstrapLaunchConsumer.accept(BootstrapLaunchConsumer.java:23)
	at cpw.mods.bootstraplauncher@2.0.2/cpw.mods.bootstraplauncher.BootstrapLauncher.run(BootstrapLauncher.java:210)
	at cpw.mods.bootstraplauncher@2.0.2/cpw.mods.bootstraplauncher.BootstrapLauncher.main(BootstrapLauncher.java:69)
> Errors in registry minecraft:worldgen/biome:
>> Errors in element dimensional_expansion:blue_sand_desert:
java.lang.IllegalStateException: Failed to parse dimensional_expansion:worldgen/biome/blue_sand_desert.json from pack mod/dimensional_expansion
	at TRANSFORMER/minecraft@1.21/net.minecraft.resources.RegistryDataLoader.loadContentsFromManager(RegistryDataLoader.java:243)
	at TRANSFORMER/minecraft@1.21/net.minecraft.resources.RegistryDataLoader$Loader.loadFromResources(RegistryDataLoader.java:295)
	at TRANSFORMER/minecraft@1.21/net.minecraft.resources.RegistryDataLoader.lambda$load$2(RegistryDataLoader.java:118)
	at TRANSFORMER/minecraft@1.21/net.minecraft.resources.RegistryDataLoader.lambda$load$5(RegistryDataLoader.java:138)
	at java.base/java.lang.Iterable.forEach(Iterable.java:75)
	at TRANSFORMER/minecraft@1.21/net.minecraft.resources.RegistryDataLoader.load(RegistryDataLoader.java:138)
	at TRANSFORMER/minecraft@1.21/net.minecraft.resources.RegistryDataLoader.load(RegistryDataLoader.java:118)
	at TRANSFORMER/minecraft@1.21/net.minecraft.server.WorldLoader.loadLayer(WorldLoader.java:76)
	at TRANSFORMER/minecraft@1.21/net.minecraft.server.WorldLoader.loadAndReplaceLayer(WorldLoader.java:82)
	at TRANSFORMER/minecraft@1.21/net.minecraft.server.WorldLoader.load(WorldLoader.java:35)
	at TRANSFORMER/minecraft@1.21/net.minecraft.client.gui.screens.worldselection.CreateWorldScreen.openFresh(CreateWorldScreen.java:123)
	at TRANSFORMER/minecraft@1.21/net.minecraft.client.gui.screens.worldselection.WorldSelectionList.loadLevels(WorldSelectionList.java:201)
	at TRANSFORMER/minecraft@1.21/net.minecraft.client.gui.screens.worldselection.WorldSelectionList.<init>(WorldSelectionList.java:111)
	at TRANSFORMER/minecraft@1.21/net.minecraft.client.gui.screens.worldselection.SelectWorldScreen.init(SelectWorldScreen.java:40)
	at TRANSFORMER/minecraft@1.21/net.minecraft.client.gui.screens.Screen.init(Screen.java:337)
	at TRANSFORMER/minecraft@1.21/net.minecraft.client.Minecraft.setScreen(Minecraft.java:1066)
	at TRANSFORMER/minecraft@1.21/net.minecraft.client.gui.screens.TitleScreen.lambda$createNormalMenuOptions$7(TitleScreen.java:167)
	at TRANSFORMER/minecraft@1.21/net.minecraft.client.gui.components.Button.onPress(Button.java:41)
	at TRANSFORMER/minecraft@1.21/net.minecraft.client.gui.components.AbstractButton.onClick(AbstractButton.java:47)
	at TRANSFORMER/neoforge@21.0.0-beta/net.neoforged.neoforge.client.extensions.IAbstractWidgetExtension.onClick(IAbstractWidgetExtension.java:36)
	at TRANSFORMER/minecraft@1.21/net.minecraft.client.gui.components.AbstractWidget.mouseClicked(AbstractWidget.java:163)
	at TRANSFORMER/minecraft@1.21/net.minecraft.client.gui.components.events.ContainerEventHandler.mouseClicked(ContainerEventHandler.java:52)
	at TRANSFORMER/minecraft@1.21/net.minecraft.client.gui.screens.TitleScreen.mouseClicked(TitleScreen.java:366)
	at TRANSFORMER/minecraft@1.21/net.minecraft.client.MouseHandler.lambda$onPress$0(MouseHandler.java:103)
	at TRANSFORMER/minecraft@1.21/net.minecraft.client.gui.screens.Screen.wrapScreenError(Screen.java:469)
	at TRANSFORMER/minecraft@1.21/net.minecraft.client.MouseHandler.onPress(MouseHandler.java:100)
	at TRANSFORMER/minecraft@1.21/net.minecraft.client.MouseHandler.lambda$setup$4(MouseHandler.java:212)
	at TRANSFORMER/minecraft@1.21/net.minecraft.util.thread.BlockableEventLoop.execute(BlockableEventLoop.java:98)
	at TRANSFORMER/minecraft@1.21/net.minecraft.client.MouseHandler.lambda$setup$5(MouseHandler.java:212)
	at MC-BOOTSTRAP/org.lwjgl.glfw@3.3.3+5/org.lwjgl.glfw.GLFWMouseButtonCallbackI.callback(GLFWMouseButtonCallbackI.java:43)
	at MC-BOOTSTRAP/org.lwjgl@3.3.3+5/org.lwjgl.system.JNI.invokeV(Native Method)
	at MC-BOOTSTRAP/org.lwjgl.glfw@3.3.3+5/org.lwjgl.glfw.GLFW.glfwWaitEventsTimeout(GLFW.java:3509)
	at TRANSFORMER/minecraft@1.21/com.mojang.blaze3d.systems.RenderSystem.limitDisplayFPS(RenderSystem.java:162)
	at TRANSFORMER/minecraft@1.21/net.minecraft.client.Minecraft.runTick(Minecraft.java:1229)
	at TRANSFORMER/minecraft@1.21/net.minecraft.client.Minecraft.run(Minecraft.java:816)
	at TRANSFORMER/minecraft@1.21/net.minecraft.client.main.Main.main(Main.java:230)
	at java.base/jdk.internal.reflect.DirectMethodHandleAccessor.invoke(DirectMethodHandleAccessor.java:103)
	at java.base/java.lang.reflect.Method.invoke(Method.java:580)
	at MC-BOOTSTRAP/fml_loader@4.0.1/net.neoforged.fml.loading.targets.CommonLaunchHandler.runTarget(CommonLaunchHandler.java:136)
	at MC-BOOTSTRAP/fml_loader@4.0.1/net.neoforged.fml.loading.targets.CommonLaunchHandler.clientService(CommonLaunchHandler.java:124)
	at MC-BOOTSTRAP/fml_loader@4.0.1/net.neoforged.fml.loading.targets.NeoForgeClientUserdevLaunchHandler.runService(NeoForgeClientUserdevLaunchHandler.java:23)
	at MC-BOOTSTRAP/fml_loader@4.0.1/net.neoforged.fml.loading.targets.CommonLaunchHandler.lambda$launchService$4(CommonLaunchHandler.java:118)
	at MC-BOOTSTRAP/cpw.mods.modlauncher@11.0.2/cpw.mods.modlauncher.LaunchServiceHandlerDecorator.launch(LaunchServiceHandlerDecorator.java:30)
	at MC-BOOTSTRAP/cpw.mods.modlauncher@11.0.2/cpw.mods.modlauncher.LaunchServiceHandler.launch(LaunchServiceHandler.java:53)
	at MC-BOOTSTRAP/cpw.mods.modlauncher@11.0.2/cpw.mods.modlauncher.LaunchServiceHandler.launch(LaunchServiceHandler.java:71)
	at MC-BOOTSTRAP/cpw.mods.modlauncher@11.0.2/cpw.mods.modlauncher.Launcher.run(Launcher.java:103)
	at MC-BOOTSTRAP/cpw.mods.modlauncher@11.0.2/cpw.mods.modlauncher.Launcher.main(Launcher.java:74)
	at MC-BOOTSTRAP/cpw.mods.modlauncher@11.0.2/cpw.mods.modlauncher.BootstrapLaunchConsumer.accept(BootstrapLaunchConsumer.java:26)
	at MC-BOOTSTRAP/cpw.mods.modlauncher@11.0.2/cpw.mods.modlauncher.BootstrapLaunchConsumer.accept(BootstrapLaunchConsumer.java:23)
	at cpw.mods.bootstraplauncher@2.0.2/cpw.mods.bootstraplauncher.BootstrapLauncher.run(BootstrapLauncher.java:210)
	at cpw.mods.bootstraplauncher@2.0.2/cpw.mods.bootstraplauncher.BootstrapLauncher.main(BootstrapLauncher.java:69)
Caused by: java.lang.IllegalStateException: Failed to get element ResourceKey[minecraft:sound_event / dimensional_expansion:the_origin]
	at MC-BOOTSTRAP/datafixerupper@8.0.16/com.mojang.serialization.DataResult$Error.getOrThrow(DataResult.java:287)
	at MC-BOOTSTRAP/datafixerupper@8.0.16/com.mojang.serialization.DataResult.getOrThrow(DataResult.java:81)
	at TRANSFORMER/minecraft@1.21/net.minecraft.resources.RegistryDataLoader.loadElementFromResource(RegistryDataLoader.java:211)
	at TRANSFORMER/minecraft@1.21/net.minecraft.resources.RegistryDataLoader.loadContentsFromManager(RegistryDataLoader.java:238)
	... 50 more
>> Errors in element dimensional_expansion:origin_deadland:
java.lang.IllegalStateException: Failed to parse dimensional_expansion:worldgen/biome/origin_deadland.json from pack mod/dimensional_expansion
	at TRANSFORMER/minecraft@1.21/net.minecraft.resources.RegistryDataLoader.loadContentsFromManager(RegistryDataLoader.java:243)
	at TRANSFORMER/minecraft@1.21/net.minecraft.resources.RegistryDataLoader$Loader.loadFromResources(RegistryDataLoader.java:295)
	at TRANSFORMER/minecraft@1.21/net.minecraft.resources.RegistryDataLoader.lambda$load$2(RegistryDataLoader.java:118)
	at TRANSFORMER/minecraft@1.21/net.minecraft.resources.RegistryDataLoader.lambda$load$5(RegistryDataLoader.java:138)
	at java.base/java.lang.Iterable.forEach(Iterable.java:75)
	at TRANSFORMER/minecraft@1.21/net.minecraft.resources.RegistryDataLoader.load(RegistryDataLoader.java:138)
	at TRANSFORMER/minecraft@1.21/net.minecraft.resources.RegistryDataLoader.load(RegistryDataLoader.java:118)
	at TRANSFORMER/minecraft@1.21/net.minecraft.server.WorldLoader.loadLayer(WorldLoader.java:76)
	at TRANSFORMER/minecraft@1.21/net.minecraft.server.WorldLoader.loadAndReplaceLayer(WorldLoader.java:82)
	at TRANSFORMER/minecraft@1.21/net.minecraft.server.WorldLoader.load(WorldLoader.java:35)
	at TRANSFORMER/minecraft@1.21/net.minecraft.client.gui.screens.worldselection.CreateWorldScreen.openFresh(CreateWorldScreen.java:123)
	at TRANSFORMER/minecraft@1.21/net.minecraft.client.gui.screens.worldselection.WorldSelectionList.loadLevels(WorldSelectionList.java:201)
	at TRANSFORMER/minecraft@1.21/net.minecraft.client.gui.screens.worldselection.WorldSelectionList.<init>(WorldSelectionList.java:111)
	at TRANSFORMER/minecraft@1.21/net.minecraft.client.gui.screens.worldselection.SelectWorldScreen.init(SelectWorldScreen.java:40)
	at TRANSFORMER/minecraft@1.21/net.minecraft.client.gui.screens.Screen.init(Screen.java:337)
	at TRANSFORMER/minecraft@1.21/net.minecraft.client.Minecraft.setScreen(Minecraft.java:1066)
	at TRANSFORMER/minecraft@1.21/net.minecraft.client.gui.screens.TitleScreen.lambda$createNormalMenuOptions$7(TitleScreen.java:167)
	at TRANSFORMER/minecraft@1.21/net.minecraft.client.gui.components.Button.onPress(Button.java:41)
	at TRANSFORMER/minecraft@1.21/net.minecraft.client.gui.components.AbstractButton.onClick(AbstractButton.java:47)
	at TRANSFORMER/neoforge@21.0.0-beta/net.neoforged.neoforge.client.extensions.IAbstractWidgetExtension.onClick(IAbstractWidgetExtension.java:36)
	at TRANSFORMER/minecraft@1.21/net.minecraft.client.gui.components.AbstractWidget.mouseClicked(AbstractWidget.java:163)
	at TRANSFORMER/minecraft@1.21/net.minecraft.client.gui.components.events.ContainerEventHandler.mouseClicked(ContainerEventHandler.java:52)
	at TRANSFORMER/minecraft@1.21/net.minecraft.client.gui.screens.TitleScreen.mouseClicked(TitleScreen.java:366)
	at TRANSFORMER/minecraft@1.21/net.minecraft.client.MouseHandler.lambda$onPress$0(MouseHandler.java:103)
	at TRANSFORMER/minecraft@1.21/net.minecraft.client.gui.screens.Screen.wrapScreenError(Screen.java:469)
	at TRANSFORMER/minecraft@1.21/net.minecraft.client.MouseHandler.onPress(MouseHandler.java:100)
	at TRANSFORMER/minecraft@1.21/net.minecraft.client.MouseHandler.lambda$setup$4(MouseHandler.java:212)
	at TRANSFORMER/minecraft@1.21/net.minecraft.util.thread.BlockableEventLoop.execute(BlockableEventLoop.java:98)
	at TRANSFORMER/minecraft@1.21/net.minecraft.client.MouseHandler.lambda$setup$5(MouseHandler.java:212)
	at MC-BOOTSTRAP/org.lwjgl.glfw@3.3.3+5/org.lwjgl.glfw.GLFWMouseButtonCallbackI.callback(GLFWMouseButtonCallbackI.java:43)
	at MC-BOOTSTRAP/org.lwjgl@3.3.3+5/org.lwjgl.system.JNI.invokeV(Native Method)
	at MC-BOOTSTRAP/org.lwjgl.glfw@3.3.3+5/org.lwjgl.glfw.GLFW.glfwWaitEventsTimeout(GLFW.java:3509)
	at TRANSFORMER/minecraft@1.21/com.mojang.blaze3d.systems.RenderSystem.limitDisplayFPS(RenderSystem.java:162)
	at TRANSFORMER/minecraft@1.21/net.minecraft.client.Minecraft.runTick(Minecraft.java:1229)
	at TRANSFORMER/minecraft@1.21/net.minecraft.client.Minecraft.run(Minecraft.java:816)
	at TRANSFORMER/minecraft@1.21/net.minecraft.client.main.Main.main(Main.java:230)
	at java.base/jdk.internal.reflect.DirectMethodHandleAccessor.invoke(DirectMethodHandleAccessor.java:103)
	at java.base/java.lang.reflect.Method.invoke(Method.java:580)
	at MC-BOOTSTRAP/fml_loader@4.0.1/net.neoforged.fml.loading.targets.CommonLaunchHandler.runTarget(CommonLaunchHandler.java:136)
	at MC-BOOTSTRAP/fml_loader@4.0.1/net.neoforged.fml.loading.targets.CommonLaunchHandler.clientService(CommonLaunchHandler.java:124)
	at MC-BOOTSTRAP/fml_loader@4.0.1/net.neoforged.fml.loading.targets.NeoForgeClientUserdevLaunchHandler.runService(NeoForgeClientUserdevLaunchHandler.java:23)
	at MC-BOOTSTRAP/fml_loader@4.0.1/net.neoforged.fml.loading.targets.CommonLaunchHandler.lambda$launchService$4(CommonLaunchHandler.java:118)
	at MC-BOOTSTRAP/cpw.mods.modlauncher@11.0.2/cpw.mods.modlauncher.LaunchServiceHandlerDecorator.launch(LaunchServiceHandlerDecorator.java:30)
	at MC-BOOTSTRAP/cpw.mods.modlauncher@11.0.2/cpw.mods.modlauncher.LaunchServiceHandler.launch(LaunchServiceHandler.java:53)
	at MC-BOOTSTRAP/cpw.mods.modlauncher@11.0.2/cpw.mods.modlauncher.LaunchServiceHandler.launch(LaunchServiceHandler.java:71)
	at MC-BOOTSTRAP/cpw.mods.modlauncher@11.0.2/cpw.mods.modlauncher.Launcher.run(Launcher.java:103)
	at MC-BOOTSTRAP/cpw.mods.modlauncher@11.0.2/cpw.mods.modlauncher.Launcher.main(Launcher.java:74)
	at MC-BOOTSTRAP/cpw.mods.modlauncher@11.0.2/cpw.mods.modlauncher.BootstrapLaunchConsumer.accept(BootstrapLaunchConsumer.java:26)
	at MC-BOOTSTRAP/cpw.mods.modlauncher@11.0.2/cpw.mods.modlauncher.BootstrapLaunchConsumer.accept(BootstrapLaunchConsumer.java:23)
	at cpw.mods.bootstraplauncher@2.0.2/cpw.mods.bootstraplauncher.BootstrapLauncher.run(BootstrapLauncher.java:210)
	at cpw.mods.bootstraplauncher@2.0.2/cpw.mods.bootstraplauncher.BootstrapLauncher.main(BootstrapLauncher.java:69)
Caused by: java.lang.IllegalStateException: Failed to get element ResourceKey[minecraft:sound_event / dimensional_expansion:the_origin]
	at MC-BOOTSTRAP/datafixerupper@8.0.16/com.mojang.serialization.DataResult$Error.getOrThrow(DataResult.java:287)
	at MC-BOOTSTRAP/datafixerupper@8.0.16/com.mojang.serialization.DataResult.getOrThrow(DataResult.java:81)
	at TRANSFORMER/minecraft@1.21/net.minecraft.resources.RegistryDataLoader.loadElementFromResource(RegistryDataLoader.java:211)
	at TRANSFORMER/minecraft@1.21/net.minecraft.resources.RegistryDataLoader.loadContentsFromManager(RegistryDataLoader.java:238)
	... 50 more
>> Errors in element dimensional_expansion:origin_plains:
java.lang.IllegalStateException: Failed to parse dimensional_expansion:worldgen/biome/origin_plains.json from pack mod/dimensional_expansion
	at TRANSFORMER/minecraft@1.21/net.minecraft.resources.RegistryDataLoader.loadContentsFromManager(RegistryDataLoader.java:243)
	at TRANSFORMER/minecraft@1.21/net.minecraft.resources.RegistryDataLoader$Loader.loadFromResources(RegistryDataLoader.java:295)
	at TRANSFORMER/minecraft@1.21/net.minecraft.resources.RegistryDataLoader.lambda$load$2(RegistryDataLoader.java:118)
	at TRANSFORMER/minecraft@1.21/net.minecraft.resources.RegistryDataLoader.lambda$load$5(RegistryDataLoader.java:138)
	at java.base/java.lang.Iterable.forEach(Iterable.java:75)
	at TRANSFORMER/minecraft@1.21/net.minecraft.resources.RegistryDataLoader.load(RegistryDataLoader.java:138)
	at TRANSFORMER/minecraft@1.21/net.minecraft.resources.RegistryDataLoader.load(RegistryDataLoader.java:118)
	at TRANSFORMER/minecraft@1.21/net.minecraft.server.WorldLoader.loadLayer(WorldLoader.java:76)
	at TRANSFORMER/minecraft@1.21/net.minecraft.server.WorldLoader.loadAndReplaceLayer(WorldLoader.java:82)
	at TRANSFORMER/minecraft@1.21/net.minecraft.server.WorldLoader.load(WorldLoader.java:35)
	at TRANSFORMER/minecraft@1.21/net.minecraft.client.gui.screens.worldselection.CreateWorldScreen.openFresh(CreateWorldScreen.java:123)
	at TRANSFORMER/minecraft@1.21/net.minecraft.client.gui.screens.worldselection.WorldSelectionList.loadLevels(WorldSelectionList.java:201)
	at TRANSFORMER/minecraft@1.21/net.minecraft.client.gui.screens.worldselection.WorldSelectionList.<init>(WorldSelectionList.java:111)
	at TRANSFORMER/minecraft@1.21/net.minecraft.client.gui.screens.worldselection.SelectWorldScreen.init(SelectWorldScreen.java:40)
	at TRANSFORMER/minecraft@1.21/net.minecraft.client.gui.screens.Screen.init(Screen.java:337)
	at TRANSFORMER/minecraft@1.21/net.minecraft.client.Minecraft.setScreen(Minecraft.java:1066)
	at TRANSFORMER/minecraft@1.21/net.minecraft.client.gui.screens.TitleScreen.lambda$createNormalMenuOptions$7(TitleScreen.java:167)
	at TRANSFORMER/minecraft@1.21/net.minecraft.client.gui.components.Button.onPress(Button.java:41)
	at TRANSFORMER/minecraft@1.21/net.minecraft.client.gui.components.AbstractButton.onClick(AbstractButton.java:47)
	at TRANSFORMER/neoforge@21.0.0-beta/net.neoforged.neoforge.client.extensions.IAbstractWidgetExtension.onClick(IAbstractWidgetExtension.java:36)
	at TRANSFORMER/minecraft@1.21/net.minecraft.client.gui.components.AbstractWidget.mouseClicked(AbstractWidget.java:163)
	at TRANSFORMER/minecraft@1.21/net.minecraft.client.gui.components.events.ContainerEventHandler.mouseClicked(ContainerEventHandler.java:52)
	at TRANSFORMER/minecraft@1.21/net.minecraft.client.gui.screens.TitleScreen.mouseClicked(TitleScreen.java:366)
	at TRANSFORMER/minecraft@1.21/net.minecraft.client.MouseHandler.lambda$onPress$0(MouseHandler.java:103)
	at TRANSFORMER/minecraft@1.21/net.minecraft.client.gui.screens.Screen.wrapScreenError(Screen.java:469)
	at TRANSFORMER/minecraft@1.21/net.minecraft.client.MouseHandler.onPress(MouseHandler.java:100)
	at TRANSFORMER/minecraft@1.21/net.minecraft.client.MouseHandler.lambda$setup$4(MouseHandler.java:212)
	at TRANSFORMER/minecraft@1.21/net.minecraft.util.thread.BlockableEventLoop.execute(BlockableEventLoop.java:98)
	at TRANSFORMER/minecraft@1.21/net.minecraft.client.MouseHandler.lambda$setup$5(MouseHandler.java:212)
	at MC-BOOTSTRAP/org.lwjgl.glfw@3.3.3+5/org.lwjgl.glfw.GLFWMouseButtonCallbackI.callback(GLFWMouseButtonCallbackI.java:43)
	at MC-BOOTSTRAP/org.lwjgl@3.3.3+5/org.lwjgl.system.JNI.invokeV(Native Method)
	at MC-BOOTSTRAP/org.lwjgl.glfw@3.3.3+5/org.lwjgl.glfw.GLFW.glfwWaitEventsTimeout(GLFW.java:3509)
	at TRANSFORMER/minecraft@1.21/com.mojang.blaze3d.systems.RenderSystem.limitDisplayFPS(RenderSystem.java:162)
	at TRANSFORMER/minecraft@1.21/net.minecraft.client.Minecraft.runTick(Minecraft.java:1229)
	at TRANSFORMER/minecraft@1.21/net.minecraft.client.Minecraft.run(Minecraft.java:816)
	at TRANSFORMER/minecraft@1.21/net.minecraft.client.main.Main.main(Main.java:230)
	at java.base/jdk.internal.reflect.DirectMethodHandleAccessor.invoke(DirectMethodHandleAccessor.java:103)
	at java.base/java.lang.reflect.Method.invoke(Method.java:580)
	at MC-BOOTSTRAP/fml_loader@4.0.1/net.neoforged.fml.loading.targets.CommonLaunchHandler.runTarget(CommonLaunchHandler.java:136)
	at MC-BOOTSTRAP/fml_loader@4.0.1/net.neoforged.fml.loading.targets.CommonLaunchHandler.clientService(CommonLaunchHandler.java:124)
	at MC-BOOTSTRAP/fml_loader@4.0.1/net.neoforged.fml.loading.targets.NeoForgeClientUserdevLaunchHandler.runService(NeoForgeClientUserdevLaunchHandler.java:23)
	at MC-BOOTSTRAP/fml_loader@4.0.1/net.neoforged.fml.loading.targets.CommonLaunchHandler.lambda$launchService$4(CommonLaunchHandler.java:118)
	at MC-BOOTSTRAP/cpw.mods.modlauncher@11.0.2/cpw.mods.modlauncher.LaunchServiceHandlerDecorator.launch(LaunchServiceHandlerDecorator.java:30)
	at MC-BOOTSTRAP/cpw.mods.modlauncher@11.0.2/cpw.mods.modlauncher.LaunchServiceHandler.launch(LaunchServiceHandler.java:53)
	at MC-BOOTSTRAP/cpw.mods.modlauncher@11.0.2/cpw.mods.modlauncher.LaunchServiceHandler.launch(LaunchServiceHandler.java:71)
	at MC-BOOTSTRAP/cpw.mods.modlauncher@11.0.2/cpw.mods.modlauncher.Launcher.run(Launcher.java:103)
	at MC-BOOTSTRAP/cpw.mods.modlauncher@11.0.2/cpw.mods.modlauncher.Launcher.main(Launcher.java:74)
	at MC-BOOTSTRAP/cpw.mods.modlauncher@11.0.2/cpw.mods.modlauncher.BootstrapLaunchConsumer.accept(BootstrapLaunchConsumer.java:26)
	at MC-BOOTSTRAP/cpw.mods.modlauncher@11.0.2/cpw.mods.modlauncher.BootstrapLaunchConsumer.accept(BootstrapLaunchConsumer.java:23)
	at cpw.mods.bootstraplauncher@2.0.2/cpw.mods.bootstraplauncher.BootstrapLauncher.run(BootstrapLauncher.java:210)
	at cpw.mods.bootstraplauncher@2.0.2/cpw.mods.bootstraplauncher.BootstrapLauncher.main(BootstrapLauncher.java:69)
Caused by: java.lang.IllegalStateException: Failed to get element ResourceKey[minecraft:sound_event / dimensional_expansion:the_origin]
	at MC-BOOTSTRAP/datafixerupper@8.0.16/com.mojang.serialization.DataResult$Error.getOrThrow(DataResult.java:287)
	at MC-BOOTSTRAP/datafixerupper@8.0.16/com.mojang.serialization.DataResult.getOrThrow(DataResult.java:81)
	at TRANSFORMER/minecraft@1.21/net.minecraft.resources.RegistryDataLoader.loadElementFromResource(RegistryDataLoader.java:211)
	at TRANSFORMER/minecraft@1.21/net.minecraft.resources.RegistryDataLoader.loadContentsFromManager(RegistryDataLoader.java:238)
	... 50 more
>> Errors in element dimensional_expansion:purpleheart_forest:
java.lang.IllegalStateException: Failed to parse dimensional_expansion:worldgen/biome/purpleheart_forest.json from pack mod/dimensional_expansion
	at TRANSFORMER/minecraft@1.21/net.minecraft.resources.RegistryDataLoader.loadContentsFromManager(RegistryDataLoader.java:243)
	at TRANSFORMER/minecraft@1.21/net.minecraft.resources.RegistryDataLoader$Loader.loadFromResources(RegistryDataLoader.java:295)
	at TRANSFORMER/minecraft@1.21/net.minecraft.resources.RegistryDataLoader.lambda$load$2(RegistryDataLoader.java:118)
	at TRANSFORMER/minecraft@1.21/net.minecraft.resources.RegistryDataLoader.lambda$load$5(RegistryDataLoader.java:138)
	at java.base/java.lang.Iterable.forEach(Iterable.java:75)
	at TRANSFORMER/minecraft@1.21/net.minecraft.resources.RegistryDataLoader.load(RegistryDataLoader.java:138)
	at TRANSFORMER/minecraft@1.21/net.minecraft.resources.RegistryDataLoader.load(RegistryDataLoader.java:118)
	at TRANSFORMER/minecraft@1.21/net.minecraft.server.WorldLoader.loadLayer(WorldLoader.java:76)
	at TRANSFORMER/minecraft@1.21/net.minecraft.server.WorldLoader.loadAndReplaceLayer(WorldLoader.java:82)
	at TRANSFORMER/minecraft@1.21/net.minecraft.server.WorldLoader.load(WorldLoader.java:35)
	at TRANSFORMER/minecraft@1.21/net.minecraft.client.gui.screens.worldselection.CreateWorldScreen.openFresh(CreateWorldScreen.java:123)
	at TRANSFORMER/minecraft@1.21/net.minecraft.client.gui.screens.worldselection.WorldSelectionList.loadLevels(WorldSelectionList.java:201)
	at TRANSFORMER/minecraft@1.21/net.minecraft.client.gui.screens.worldselection.WorldSelectionList.<init>(WorldSelectionList.java:111)
	at TRANSFORMER/minecraft@1.21/net.minecraft.client.gui.screens.worldselection.SelectWorldScreen.init(SelectWorldScreen.java:40)
	at TRANSFORMER/minecraft@1.21/net.minecraft.client.gui.screens.Screen.init(Screen.java:337)
	at TRANSFORMER/minecraft@1.21/net.minecraft.client.Minecraft.setScreen(Minecraft.java:1066)
	at TRANSFORMER/minecraft@1.21/net.minecraft.client.gui.screens.TitleScreen.lambda$createNormalMenuOptions$7(TitleScreen.java:167)
	at TRANSFORMER/minecraft@1.21/net.minecraft.client.gui.components.Button.onPress(Button.java:41)
	at TRANSFORMER/minecraft@1.21/net.minecraft.client.gui.components.AbstractButton.onClick(AbstractButton.java:47)
	at TRANSFORMER/neoforge@21.0.0-beta/net.neoforged.neoforge.client.extensions.IAbstractWidgetExtension.onClick(IAbstractWidgetExtension.java:36)
	at TRANSFORMER/minecraft@1.21/net.minecraft.client.gui.components.AbstractWidget.mouseClicked(AbstractWidget.java:163)
	at TRANSFORMER/minecraft@1.21/net.minecraft.client.gui.components.events.ContainerEventHandler.mouseClicked(ContainerEventHandler.java:52)
	at TRANSFORMER/minecraft@1.21/net.minecraft.client.gui.screens.TitleScreen.mouseClicked(TitleScreen.java:366)
	at TRANSFORMER/minecraft@1.21/net.minecraft.client.MouseHandler.lambda$onPress$0(MouseHandler.java:103)
	at TRANSFORMER/minecraft@1.21/net.minecraft.client.gui.screens.Screen.wrapScreenError(Screen.java:469)
	at TRANSFORMER/minecraft@1.21/net.minecraft.client.MouseHandler.onPress(MouseHandler.java:100)
	at TRANSFORMER/minecraft@1.21/net.minecraft.client.MouseHandler.lambda$setup$4(MouseHandler.java:212)
	at TRANSFORMER/minecraft@1.21/net.minecraft.util.thread.BlockableEventLoop.execute(BlockableEventLoop.java:98)
	at TRANSFORMER/minecraft@1.21/net.minecraft.client.MouseHandler.lambda$setup$5(MouseHandler.java:212)
	at MC-BOOTSTRAP/org.lwjgl.glfw@3.3.3+5/org.lwjgl.glfw.GLFWMouseButtonCallbackI.callback(GLFWMouseButtonCallbackI.java:43)
	at MC-BOOTSTRAP/org.lwjgl@3.3.3+5/org.lwjgl.system.JNI.invokeV(Native Method)
	at MC-BOOTSTRAP/org.lwjgl.glfw@3.3.3+5/org.lwjgl.glfw.GLFW.glfwWaitEventsTimeout(GLFW.java:3509)
	at TRANSFORMER/minecraft@1.21/com.mojang.blaze3d.systems.RenderSystem.limitDisplayFPS(RenderSystem.java:162)
	at TRANSFORMER/minecraft@1.21/net.minecraft.client.Minecraft.runTick(Minecraft.java:1229)
	at TRANSFORMER/minecraft@1.21/net.minecraft.client.Minecraft.run(Minecraft.java:816)
	at TRANSFORMER/minecraft@1.21/net.minecraft.client.main.Main.main(Main.java:230)
	at java.base/jdk.internal.reflect.DirectMethodHandleAccessor.invoke(DirectMethodHandleAccessor.java:103)
	at java.base/java.lang.reflect.Method.invoke(Method.java:580)
	at MC-BOOTSTRAP/fml_loader@4.0.1/net.neoforged.fml.loading.targets.CommonLaunchHandler.runTarget(CommonLaunchHandler.java:136)
	at MC-BOOTSTRAP/fml_loader@4.0.1/net.neoforged.fml.loading.targets.CommonLaunchHandler.clientService(CommonLaunchHandler.java:124)
	at MC-BOOTSTRAP/fml_loader@4.0.1/net.neoforged.fml.loading.targets.NeoForgeClientUserdevLaunchHandler.runService(NeoForgeClientUserdevLaunchHandler.java:23)
	at MC-BOOTSTRAP/fml_loader@4.0.1/net.neoforged.fml.loading.targets.CommonLaunchHandler.lambda$launchService$4(CommonLaunchHandler.java:118)
	at MC-BOOTSTRAP/cpw.mods.modlauncher@11.0.2/cpw.mods.modlauncher.LaunchServiceHandlerDecorator.launch(LaunchServiceHandlerDecorator.java:30)
	at MC-BOOTSTRAP/cpw.mods.modlauncher@11.0.2/cpw.mods.modlauncher.LaunchServiceHandler.launch(LaunchServiceHandler.java:53)
	at MC-BOOTSTRAP/cpw.mods.modlauncher@11.0.2/cpw.mods.modlauncher.LaunchServiceHandler.launch(LaunchServiceHandler.java:71)
	at MC-BOOTSTRAP/cpw.mods.modlauncher@11.0.2/cpw.mods.modlauncher.Launcher.run(Launcher.java:103)
	at MC-BOOTSTRAP/cpw.mods.modlauncher@11.0.2/cpw.mods.modlauncher.Launcher.main(Launcher.java:74)
	at MC-BOOTSTRAP/cpw.mods.modlauncher@11.0.2/cpw.mods.modlauncher.BootstrapLaunchConsumer.accept(BootstrapLaunchConsumer.java:26)
	at MC-BOOTSTRAP/cpw.mods.modlauncher@11.0.2/cpw.mods.modlauncher.BootstrapLaunchConsumer.accept(BootstrapLaunchConsumer.java:23)
	at cpw.mods.bootstraplauncher@2.0.2/cpw.mods.bootstraplauncher.BootstrapLauncher.run(BootstrapLauncher.java:210)
	at cpw.mods.bootstraplauncher@2.0.2/cpw.mods.bootstraplauncher.BootstrapLauncher.main(BootstrapLauncher.java:69)
Caused by: java.lang.IllegalStateException: Failed to get element ResourceKey[minecraft:sound_event / dimensional_expansion:the_origin]
	at MC-BOOTSTRAP/datafixerupper@8.0.16/com.mojang.serialization.DataResult$Error.getOrThrow(DataResult.java:287)
	at MC-BOOTSTRAP/datafixerupper@8.0.16/com.mojang.serialization.DataResult.getOrThrow(DataResult.java:81)
	at TRANSFORMER/minecraft@1.21/net.minecraft.resources.RegistryDataLoader.loadElementFromResource(RegistryDataLoader.java:211)
	at TRANSFORMER/minecraft@1.21/net.minecraft.resources.RegistryDataLoader.loadContentsFromManager(RegistryDataLoader.java:238)
	... 50 more
> Errors in registry minecraft:worldgen/configured_feature:
>> Errors in element dimensional_expansion:purpleish_cactus_configured:
java.lang.IllegalStateException: Failed to parse dimensional_expansion:worldgen/configured_feature/purpleish_cactus_configured.json from pack mod/dimensional_expansion
	at TRANSFORMER/minecraft@1.21/net.minecraft.resources.RegistryDataLoader.loadContentsFromManager(RegistryDataLoader.java:243)
	at TRANSFORMER/minecraft@1.21/net.minecraft.resources.RegistryDataLoader$Loader.loadFromResources(RegistryDataLoader.java:295)
	at TRANSFORMER/minecraft@1.21/net.minecraft.resources.RegistryDataLoader.lambda$load$2(RegistryDataLoader.java:118)
	at TRANSFORMER/minecraft@1.21/net.minecraft.resources.RegistryDataLoader.lambda$load$5(RegistryDataLoader.java:138)
	at java.base/java.lang.Iterable.forEach(Iterable.java:75)
	at TRANSFORMER/minecraft@1.21/net.minecraft.resources.RegistryDataLoader.load(RegistryDataLoader.java:138)
	at TRANSFORMER/minecraft@1.21/net.minecraft.resources.RegistryDataLoader.load(RegistryDataLoader.java:118)
	at TRANSFORMER/minecraft@1.21/net.minecraft.server.WorldLoader.loadLayer(WorldLoader.java:76)
	at TRANSFORMER/minecraft@1.21/net.minecraft.server.WorldLoader.loadAndReplaceLayer(WorldLoader.java:82)
	at TRANSFORMER/minecraft@1.21/net.minecraft.server.WorldLoader.load(WorldLoader.java:35)
	at TRANSFORMER/minecraft@1.21/net.minecraft.client.gui.screens.worldselection.CreateWorldScreen.openFresh(CreateWorldScreen.java:123)
	at TRANSFORMER/minecraft@1.21/net.minecraft.client.gui.screens.worldselection.WorldSelectionList.loadLevels(WorldSelectionList.java:201)
	at TRANSFORMER/minecraft@1.21/net.minecraft.client.gui.screens.worldselection.WorldSelectionList.<init>(WorldSelectionList.java:111)
	at TRANSFORMER/minecraft@1.21/net.minecraft.client.gui.screens.worldselection.SelectWorldScreen.init(SelectWorldScreen.java:40)
	at TRANSFORMER/minecraft@1.21/net.minecraft.client.gui.screens.Screen.init(Screen.java:337)
	at TRANSFORMER/minecraft@1.21/net.minecraft.client.Minecraft.setScreen(Minecraft.java:1066)
	at TRANSFORMER/minecraft@1.21/net.minecraft.client.gui.screens.TitleScreen.lambda$createNormalMenuOptions$7(TitleScreen.java:167)
	at TRANSFORMER/minecraft@1.21/net.minecraft.client.gui.components.Button.onPress(Button.java:41)
	at TRANSFORMER/minecraft@1.21/net.minecraft.client.gui.components.AbstractButton.onClick(AbstractButton.java:47)
	at TRANSFORMER/neoforge@21.0.0-beta/net.neoforged.neoforge.client.extensions.IAbstractWidgetExtension.onClick(IAbstractWidgetExtension.java:36)
	at TRANSFORMER/minecraft@1.21/net.minecraft.client.gui.components.AbstractWidget.mouseClicked(AbstractWidget.java:163)
	at TRANSFORMER/minecraft@1.21/net.minecraft.client.gui.components.events.ContainerEventHandler.mouseClicked(ContainerEventHandler.java:52)
	at TRANSFORMER/minecraft@1.21/net.minecraft.client.gui.screens.TitleScreen.mouseClicked(TitleScreen.java:366)
	at TRANSFORMER/minecraft@1.21/net.minecraft.client.MouseHandler.lambda$onPress$0(MouseHandler.java:103)
	at TRANSFORMER/minecraft@1.21/net.minecraft.client.gui.screens.Screen.wrapScreenError(Screen.java:469)
	at TRANSFORMER/minecraft@1.21/net.minecraft.client.MouseHandler.onPress(MouseHandler.java:100)
	at TRANSFORMER/minecraft@1.21/net.minecraft.client.MouseHandler.lambda$setup$4(MouseHandler.java:212)
	at TRANSFORMER/minecraft@1.21/net.minecraft.util.thread.BlockableEventLoop.execute(BlockableEventLoop.java:98)
	at TRANSFORMER/minecraft@1.21/net.minecraft.client.MouseHandler.lambda$setup$5(MouseHandler.java:212)
	at MC-BOOTSTRAP/org.lwjgl.glfw@3.3.3+5/org.lwjgl.glfw.GLFWMouseButtonCallbackI.callback(GLFWMouseButtonCallbackI.java:43)
	at MC-BOOTSTRAP/org.lwjgl@3.3.3+5/org.lwjgl.system.JNI.invokeV(Native Method)
	at MC-BOOTSTRAP/org.lwjgl.glfw@3.3.3+5/org.lwjgl.glfw.GLFW.glfwWaitEventsTimeout(GLFW.java:3509)
	at TRANSFORMER/minecraft@1.21/com.mojang.blaze3d.systems.RenderSystem.limitDisplayFPS(RenderSystem.java:162)
	at TRANSFORMER/minecraft@1.21/net.minecraft.client.Minecraft.runTick(Minecraft.java:1229)
	at TRANSFORMER/minecraft@1.21/net.minecraft.client.Minecraft.run(Minecraft.java:816)
	at TRANSFORMER/minecraft@1.21/net.minecraft.client.main.Main.main(Main.java:230)
	at java.base/jdk.internal.reflect.DirectMethodHandleAccessor.invoke(DirectMethodHandleAccessor.java:103)
	at java.base/java.lang.reflect.Method.invoke(Method.java:580)
	at MC-BOOTSTRAP/fml_loader@4.0.1/net.neoforged.fml.loading.targets.CommonLaunchHandler.runTarget(CommonLaunchHandler.java:136)
	at MC-BOOTSTRAP/fml_loader@4.0.1/net.neoforged.fml.loading.targets.CommonLaunchHandler.clientService(CommonLaunchHandler.java:124)
	at MC-BOOTSTRAP/fml_loader@4.0.1/net.neoforged.fml.loading.targets.NeoForgeClientUserdevLaunchHandler.runService(NeoForgeClientUserdevLaunchHandler.java:23)
	at MC-BOOTSTRAP/fml_loader@4.0.1/net.neoforged.fml.loading.targets.CommonLaunchHandler.lambda$launchService$4(CommonLaunchHandler.java:118)
	at MC-BOOTSTRAP/cpw.mods.modlauncher@11.0.2/cpw.mods.modlauncher.LaunchServiceHandlerDecorator.launch(LaunchServiceHandlerDecorator.java:30)
	at MC-BOOTSTRAP/cpw.mods.modlauncher@11.0.2/cpw.mods.modlauncher.LaunchServiceHandler.launch(LaunchServiceHandler.java:53)
	at MC-BOOTSTRAP/cpw.mods.modlauncher@11.0.2/cpw.mods.modlauncher.LaunchServiceHandler.launch(LaunchServiceHandler.java:71)
	at MC-BOOTSTRAP/cpw.mods.modlauncher@11.0.2/cpw.mods.modlauncher.Launcher.run(Launcher.java:103)
	at MC-BOOTSTRAP/cpw.mods.modlauncher@11.0.2/cpw.mods.modlauncher.Launcher.main(Launcher.java:74)
	at MC-BOOTSTRAP/cpw.mods.modlauncher@11.0.2/cpw.mods.modlauncher.BootstrapLaunchConsumer.accept(BootstrapLaunchConsumer.java:26)
	at MC-BOOTSTRAP/cpw.mods.modlauncher@11.0.2/cpw.mods.modlauncher.BootstrapLaunchConsumer.accept(BootstrapLaunchConsumer.java:23)
	at cpw.mods.bootstraplauncher@2.0.2/cpw.mods.bootstraplauncher.BootstrapLauncher.run(BootstrapLauncher.java:210)
	at cpw.mods.bootstraplauncher@2.0.2/cpw.mods.bootstraplauncher.BootstrapLauncher.main(BootstrapLauncher.java:69)
Caused by: java.lang.IllegalStateException: Failed to parse either. First: Not a number: {"type":"minecraft:biased_to_bottom","value":{"min_inclusive":1,"max_inclusive":3}}; Second: No key max_inclusive in MapLike[{"type":"minecraft:biased_to_bottom","value":{"min_inclusive":1,"max_inclusive":3}}]; No key min_inclusive in MapLike[{"type":"minecraft:biased_to_bottom","value":{"min_inclusive":1,"max_inclusive":3}}]
	at MC-BOOTSTRAP/datafixerupper@8.0.16/com.mojang.serialization.DataResult$Error.getOrThrow(DataResult.java:287)
	at MC-BOOTSTRAP/datafixerupper@8.0.16/com.mojang.serialization.DataResult.getOrThrow(DataResult.java:81)
	at TRANSFORMER/minecraft@1.21/net.minecraft.resources.RegistryDataLoader.loadElementFromResource(RegistryDataLoader.java:211)
	at TRANSFORMER/minecraft@1.21/net.minecraft.resources.RegistryDataLoader.loadContentsFromManager(RegistryDataLoader.java:238)
	... 50 more

[04Jul2024 11:00:24.947] [Render thread/ERROR] [net.minecraft.client.Minecraft/FATAL]: Reported exception thrown!
net.minecraft.ReportedException: mouseClicked event handler
	at TRANSFORMER/minecraft@1.21/net.minecraft.client.gui.screens.Screen.wrapScreenError(Screen.java:474) ~[neoforge-21.0.0-beta.jar%23180!/:?]
	at TRANSFORMER/minecraft@1.21/net.minecraft.client.MouseHandler.onPress(MouseHandler.java:100) ~[neoforge-21.0.0-beta.jar%23180!/:?]
	at TRANSFORMER/minecraft@1.21/net.minecraft.client.MouseHandler.lambda$setup$4(MouseHandler.java:212) ~[neoforge-21.0.0-beta.jar%23180!/:?]
	at TRANSFORMER/minecraft@1.21/net.minecraft.util.thread.BlockableEventLoop.execute(BlockableEventLoop.java:98) ~[neoforge-21.0.0-beta.jar%23180!/:?]
	at TRANSFORMER/minecraft@1.21/net.minecraft.client.MouseHandler.lambda$setup$5(MouseHandler.java:212) ~[neoforge-21.0.0-beta.jar%23180!/:?]
	at MC-BOOTSTRAP/org.lwjgl.glfw@3.3.3+5/org.lwjgl.glfw.GLFWMouseButtonCallbackI.callback(GLFWMouseButtonCallbackI.java:43) ~[lwjgl-glfw-3.3.3.jar%23161!/:build 5]
	at MC-BOOTSTRAP/org.lwjgl@3.3.3+5/org.lwjgl.system.JNI.invokeV(Native Method) ~[lwjgl-3.3.3.jar%23173!/:build 5]
	at MC-BOOTSTRAP/org.lwjgl.glfw@3.3.3+5/org.lwjgl.glfw.GLFW.glfwWaitEventsTimeout(GLFW.java:3509) ~[lwjgl-glfw-3.3.3.jar%23161!/:build 5]
	at TRANSFORMER/minecraft@1.21/com.mojang.blaze3d.systems.RenderSystem.limitDisplayFPS(RenderSystem.java:162) ~[neoforge-21.0.0-beta.jar%23180!/:?]
	at TRANSFORMER/minecraft@1.21/net.minecraft.client.Minecraft.runTick(Minecraft.java:1229) ~[neoforge-21.0.0-beta.jar%23180!/:?]
	at TRANSFORMER/minecraft@1.21/net.minecraft.client.Minecraft.run(Minecraft.java:816) ~[neoforge-21.0.0-beta.jar%23180!/:?]
	at TRANSFORMER/minecraft@1.21/net.minecraft.client.main.Main.main(Main.java:230) ~[neoforge-21.0.0-beta.jar%23180!/:?]
	at java.base/jdk.internal.reflect.DirectMethodHandleAccessor.invoke(DirectMethodHandleAccessor.java:103) ~[?:?]
	at java.base/java.lang.reflect.Method.invoke(Method.java:580) ~[?:?]
	at MC-BOOTSTRAP/fml_loader@4.0.1/net.neoforged.fml.loading.targets.CommonLaunchHandler.runTarget(CommonLaunchHandler.java:136) ~[loader-4.0.1.jar%23133!/:4.0]
	at MC-BOOTSTRAP/fml_loader@4.0.1/net.neoforged.fml.loading.targets.CommonLaunchHandler.clientService(CommonLaunchHandler.java:124) ~[loader-4.0.1.jar%23133!/:4.0]
	at MC-BOOTSTRAP/fml_loader@4.0.1/net.neoforged.fml.loading.targets.NeoForgeClientUserdevLaunchHandler.runService(NeoForgeClientUserdevLaunchHandler.java:23) ~[loader-4.0.1.jar%23133!/:4.0]
	at MC-BOOTSTRAP/fml_loader@4.0.1/net.neoforged.fml.loading.targets.CommonLaunchHandler.lambda$launchService$4(CommonLaunchHandler.java:118) ~[loader-4.0.1.jar%23133!/:4.0]
	at MC-BOOTSTRAP/cpw.mods.modlauncher@11.0.2/cpw.mods.modlauncher.LaunchServiceHandlerDecorator.launch(LaunchServiceHandlerDecorator.java:30) [modlauncher-11.0.2.jar%23112!/:?]
	at MC-BOOTSTRAP/cpw.mods.modlauncher@11.0.2/cpw.mods.modlauncher.LaunchServiceHandler.launch(LaunchServiceHandler.java:53) [modlauncher-11.0.2.jar%23112!/:?]
	at MC-BOOTSTRAP/cpw.mods.modlauncher@11.0.2/cpw.mods.modlauncher.LaunchServiceHandler.launch(LaunchServiceHandler.java:71) [modlauncher-11.0.2.jar%23112!/:?]
	at MC-BOOTSTRAP/cpw.mods.modlauncher@11.0.2/cpw.mods.modlauncher.Launcher.run(Launcher.java:103) [modlauncher-11.0.2.jar%23112!/:?]
	at MC-BOOTSTRAP/cpw.mods.modlauncher@11.0.2/cpw.mods.modlauncher.Launcher.main(Launcher.java:74) [modlauncher-11.0.2.jar%23112!/:?]
	at MC-BOOTSTRAP/cpw.mods.modlauncher@11.0.2/cpw.mods.modlauncher.BootstrapLaunchConsumer.accept(BootstrapLaunchConsumer.java:26) [modlauncher-11.0.2.jar%23112!/:?]
	at MC-BOOTSTRAP/cpw.mods.modlauncher@11.0.2/cpw.mods.modlauncher.BootstrapLaunchConsumer.accept(BootstrapLaunchConsumer.java:23) [modlauncher-11.0.2.jar%23112!/:?]
	at cpw.mods.bootstraplauncher@2.0.2/cpw.mods.bootstraplauncher.BootstrapLauncher.run(BootstrapLauncher.java:210) [bootstraplauncher-2.0.2.jar:?]
	at cpw.mods.bootstraplauncher@2.0.2/cpw.mods.bootstraplauncher.BootstrapLauncher.main(BootstrapLauncher.java:69) [bootstraplauncher-2.0.2.jar:?]
Caused by: java.lang.IllegalStateException: Failed to load registries due to above errors
	at TRANSFORMER/minecraft@1.21/net.minecraft.resources.RegistryDataLoader.load(RegistryDataLoader.java:154) ~[neoforge-21.0.0-beta.jar%23180!/:?]
	at TRANSFORMER/minecraft@1.21/net.minecraft.resources.RegistryDataLoader.load(RegistryDataLoader.java:118) ~[neoforge-21.0.0-beta.jar%23180!/:?]
	at TRANSFORMER/minecraft@1.21/net.minecraft.server.WorldLoader.loadLayer(WorldLoader.java:76) ~[neoforge-21.0.0-beta.jar%23180!/:?]
	at TRANSFORMER/minecraft@1.21/net.minecraft.server.WorldLoader.loadAndReplaceLayer(WorldLoader.java:82) ~[neoforge-21.0.0-beta.jar%23180!/:?]
	at TRANSFORMER/minecraft@1.21/net.minecraft.server.WorldLoader.load(WorldLoader.java:35) ~[neoforge-21.0.0-beta.jar%23180!/:?]
	at TRANSFORMER/minecraft@1.21/net.minecraft.client.gui.screens.worldselection.CreateWorldScreen.openFresh(CreateWorldScreen.java:123) ~[neoforge-21.0.0-beta.jar%23180!/:?]
	at TRANSFORMER/minecraft@1.21/net.minecraft.client.gui.screens.worldselection.WorldSelectionList.loadLevels(WorldSelectionList.java:201) ~[neoforge-21.0.0-beta.jar%23180!/:?]
	at TRANSFORMER/minecraft@1.21/net.minecraft.client.gui.screens.worldselection.WorldSelectionList.<init>(WorldSelectionList.java:111) ~[neoforge-21.0.0-beta.jar%23180!/:?]
	at TRANSFORMER/minecraft@1.21/net.minecraft.client.gui.screens.worldselection.SelectWorldScreen.init(SelectWorldScreen.java:40) ~[neoforge-21.0.0-beta.jar%23180!/:?]
	at TRANSFORMER/minecraft@1.21/net.minecraft.client.gui.screens.Screen.init(Screen.java:337) ~[neoforge-21.0.0-beta.jar%23180!/:?]
	at TRANSFORMER/minecraft@1.21/net.minecraft.client.Minecraft.setScreen(Minecraft.java:1066) ~[neoforge-21.0.0-beta.jar%23180!/:?]
	at TRANSFORMER/minecraft@1.21/net.minecraft.client.gui.screens.TitleScreen.lambda$createNormalMenuOptions$7(TitleScreen.java:167) ~[neoforge-21.0.0-beta.jar%23180!/:?]
	at TRANSFORMER/minecraft@1.21/net.minecraft.client.gui.components.Button.onPress(Button.java:41) ~[neoforge-21.0.0-beta.jar%23180!/:?]
	at TRANSFORMER/minecraft@1.21/net.minecraft.client.gui.components.AbstractButton.onClick(AbstractButton.java:47) ~[neoforge-21.0.0-beta.jar%23180!/:?]
	at TRANSFORMER/neoforge@21.0.0-beta/net.neoforged.neoforge.client.extensions.IAbstractWidgetExtension.onClick(IAbstractWidgetExtension.java:36) ~[neoforge-21.0.0-beta.jar%23181!/:?]
	at TRANSFORMER/minecraft@1.21/net.minecraft.client.gui.components.AbstractWidget.mouseClicked(AbstractWidget.java:163) ~[neoforge-21.0.0-beta.jar%23180!/:?]
	at TRANSFORMER/minecraft@1.21/net.minecraft.client.gui.components.events.ContainerEventHandler.mouseClicked(ContainerEventHandler.java:52) ~[neoforge-21.0.0-beta.jar%23180!/:?]
	at TRANSFORMER/minecraft@1.21/net.minecraft.client.gui.screens.TitleScreen.mouseClicked(TitleScreen.java:366) ~[neoforge-21.0.0-beta.jar%23180!/:?]
	at TRANSFORMER/minecraft@1.21/net.minecraft.client.MouseHandler.lambda$onPress$0(MouseHandler.java:103) ~[neoforge-21.0.0-beta.jar%23180!/:?]
	at TRANSFORMER/minecraft@1.21/net.minecraft.client.gui.screens.Screen.wrapScreenError(Screen.java:469) ~[neoforge-21.0.0-beta.jar%23180!/:?]
	... 26 more
[04Jul2024 11:00:25.697] [Render thread/FATAL] [net.neoforged.neoforge.common.NeoForgeMod/]: Preparing crash report with UUID 026303ac-7f6c-4c6f-8095-f0c2c54a491e
[04Jul2024 11:00:25.713] [Render thread/FATAL] [net.neoforged.neoforge.common.NeoForgeMod/]: Preparing crash report with UUID 60082a1f-c362-412a-8662-c6724f08d05b
